[2018-11-28 16:11:31.009] [exthost1] [info] extension host started
[2018-11-28 16:11:33.622] [exthost1] [info] extension host started
[2018-11-28 16:11:33.702] [exthost1] [info] ExtensionService#_doActivateExtension vscode.debug-auto-launch {"startup":true,"activationEvent":"*"}
[2018-11-28 16:11:33.703] [exthost1] [info] ExtensionService#loadCommonJSModule c:\Users\Bethel_laptop\.codemix\engine\resources\app\extensions\debug-auto-launch\out\extension
[2018-11-28 16:11:33.751] [exthost1] [info] ExtensionService#_doActivateExtension vscode.emmet {"startup":true,"activationEvent":"*"}
[2018-11-28 16:11:33.751] [exthost1] [info] ExtensionService#loadCommonJSModule c:\Users\Bethel_laptop\.codemix\engine\resources\app\extensions\emmet\dist\extension
[2018-11-28 16:11:33.956] [exthost1] [info] ExtensionService#_doActivateExtension vscode.merge-conflict {"startup":true,"activationEvent":"*"}
[2018-11-28 16:11:33.956] [exthost1] [info] ExtensionService#loadCommonJSModule c:\Users\Bethel_laptop\.codemix\engine\resources\app\extensions\merge-conflict\out\extension
[2018-11-28 16:11:34.080] [exthost1] [info] ExtensionService#_doActivateExtension vscode.search-rg {"startup":true,"activationEvent":"*"}
[2018-11-28 16:11:34.080] [exthost1] [info] ExtensionService#loadCommonJSModule c:\Users\Bethel_laptop\.codemix\engine\resources\app\extensions\search-rg\out\extension
[2018-11-28 16:11:34.148] [exthost1] [info] eager extensions activated
[2018-11-28 16:11:34.148] [exthost1] [info] ExtensionService#_doActivateExtension vscode.configuration-editing {"startup":false,"activationEvent":"onLanguage:jsonc"}
[2018-11-28 16:11:34.149] [exthost1] [info] ExtensionService#loadCommonJSModule c:\Users\Bethel_laptop\.codemix\engine\resources\app\extensions\configuration-editing\out\extension
[2018-11-28 16:11:34.197] [exthost1] [info] ExtensionService#_doActivateExtension vscode.json-language-features {"startup":false,"activationEvent":"onLanguage:jsonc"}
[2018-11-28 16:11:34.198] [exthost1] [info] ExtensionService#loadCommonJSModule c:\Users\Bethel_laptop\.codemix\engine\resources\app\extensions\json-language-features\client\dist\jsonMain
[2018-11-28 16:11:34.838] [exthost1] [info] ExtensionService#_doActivateExtension vscode.typescript-language-features {"startup":false,"activationEvent":"onLanguage:jsonc"}
[2018-11-28 16:11:34.838] [exthost1] [info] ExtensionService#loadCommonJSModule c:\Users\Bethel_laptop\.codemix\engine\resources\app\extensions\typescript-language-features\dist\extension
[2018-11-28 16:11:35.081] [exthost1] [info] ExtensionService#_doActivateExtension vscode.grunt {"startup":false,"activationEvent":"onCommand:workbench.action.tasks.runTask"}
[2018-11-28 16:11:35.081] [exthost1] [info] ExtensionService#loadCommonJSModule c:\Users\Bethel_laptop\.codemix\engine\resources\app\extensions\grunt\out\main
[2018-11-28 16:11:35.088] [exthost1] [info] ExtensionService#_doActivateExtension vscode.gulp {"startup":false,"activationEvent":"onCommand:workbench.action.tasks.runTask"}
[2018-11-28 16:11:35.088] [exthost1] [info] ExtensionService#loadCommonJSModule c:\Users\Bethel_laptop\.codemix\engine\resources\app\extensions\gulp\out\main
[2018-11-28 16:11:35.095] [exthost1] [info] ExtensionService#_doActivateExtension vscode.jake {"startup":false,"activationEvent":"onCommand:workbench.action.tasks.runTask"}
[2018-11-28 16:11:35.095] [exthost1] [info] ExtensionService#loadCommonJSModule c:\Users\Bethel_laptop\.codemix\engine\resources\app\extensions\jake\out\main
[2018-11-28 16:11:35.106] [exthost1] [info] ExtensionService#_doActivateExtension vscode.npm {"startup":false,"activationEvent":"onCommand:workbench.action.tasks.runTask"}
[2018-11-28 16:11:35.106] [exthost1] [info] ExtensionService#loadCommonJSModule c:\Users\Bethel_laptop\.codemix\engine\resources\app\extensions\npm\out\main
